{
"contracts\\AuctionFactory.sol":{"l":{"23":7,"24":7,"28":0,"29":0,"30":0,"35":1,"37":1,"38":1,"39":1,"43":0,"54":7,"56":7,"67":7,"68":7,"71":7,"73":7,"74":7,"79":6,"80":6,"85":1,"86":1,"91":1,"92":1},"path":"D:\\cursor\\workspaces\\solidity-learn\\task3\\contracts\\AuctionFactory.sol","s":{"1":7,"2":0,"3":0,"4":1,"5":1,"6":1,"7":1,"8":0,"9":7,"10":7,"11":7,"12":7,"13":7,"14":7,"15":6,"16":6,"17":1,"18":1,"19":1,"20":1},"b":{"1":[7,0],"2":[0,0],"3":[0,0],"4":[1,0],"5":[1,0],"6":[1,0],"7":[7,0],"8":[6,0],"9":[6,0],"10":[1,0],"11":[1,0],"12":[1,0],"13":[1,0]},"f":{"1":7,"2":0,"3":1,"4":0,"5":7,"6":6,"7":1,"8":1},"fnMap":{"1":{"name":"constructor","line":22,"loc":{"start":{"line":22,"column":1},"end":{"line":25,"column":1}}},"2":{"name":"setImplementation","line":27,"loc":{"start":{"line":27,"column":1},"end":{"line":31,"column":1}}},"3":{"name":"upgradeAuction","line":34,"loc":{"start":{"line":34,"column":1},"end":{"line":40,"column":1}}},"4":{"name":"allAuctionsLength","line":42,"loc":{"start":{"line":42,"column":1},"end":{"line":44,"column":1}}},"5":{"name":"createAuction","line":47,"loc":{"start":{"line":47,"column":1},"end":{"line":75,"column":1}}},"6":{"name":"setAuctionPriceFeed","line":78,"loc":{"start":{"line":78,"column":1},"end":{"line":81,"column":1}}},"7":{"name":"setAuctionFeeConfig","line":84,"loc":{"start":{"line":84,"column":1},"end":{"line":87,"column":1}}},"8":{"name":"setAuctionCcipConfig","line":90,"loc":{"start":{"line":90,"column":1},"end":{"line":93,"column":1}}}},"statementMap":{"1":{"start":{"line":23,"column":2},"end":{"line":23,"column":49}},"2":{"start":{"line":28,"column":2},"end":{"line":28,"column":41}},"3":{"start":{"line":30,"column":2},"end":{"line":30,"column":38}},"4":{"start":{"line":35,"column":2},"end":{"line":35,"column":41}},"5":{"start":{"line":37,"column":2},"end":{"line":37,"column":95}},"6":{"start":{"line":38,"column":2},"end":{"line":38,"column":39}},"7":{"start":{"line":39,"column":2},"end":{"line":39,"column":28}},"8":{"start":{"line":43,"column":2},"end":{"line":43,"column":27}},"9":{"start":{"line":54,"column":2},"end":{"line":54,"column":49}},"10":{"start":{"line":56,"column":2},"end":{"line":56,"column":1836}},"11":{"start":{"line":67,"column":2},"end":{"line":67,"column":61}},"12":{"start":{"line":71,"column":2},"end":{"line":71,"column":66}},"13":{"start":{"line":73,"column":2},"end":{"line":73,"column":28}},"14":{"start":{"line":74,"column":2},"end":{"line":74,"column":106}},"15":{"start":{"line":79,"column":2},"end":{"line":79,"column":121}},"16":{"start":{"line":80,"column":2},"end":{"line":80,"column":25}},"17":{"start":{"line":85,"column":2},"end":{"line":85,"column":121}},"18":{"start":{"line":86,"column":2},"end":{"line":86,"column":25}},"19":{"start":{"line":91,"column":2},"end":{"line":91,"column":120}},"20":{"start":{"line":92,"column":2},"end":{"line":92,"column":25}}},"branchMap":{"1":{"line":23,"type":"if","locations":[{"start":{"line":23,"column":2},"end":{"line":23,"column":2}},{"start":{"line":23,"column":2},"end":{"line":23,"column":2}}]},"2":{"line":27,"type":"if","locations":[{"start":{"line":27,"column":54},"end":{"line":27,"column":54}},{"start":{"line":27,"column":54},"end":{"line":27,"column":54}}]},"3":{"line":28,"type":"if","locations":[{"start":{"line":28,"column":2},"end":{"line":28,"column":2}},{"start":{"line":28,"column":2},"end":{"line":28,"column":2}}]},"4":{"line":34,"type":"if","locations":[{"start":{"line":34,"column":73},"end":{"line":34,"column":73}},{"start":{"line":34,"column":73},"end":{"line":34,"column":73}}]},"5":{"line":35,"type":"if","locations":[{"start":{"line":35,"column":2},"end":{"line":35,"column":2}},{"start":{"line":35,"column":2},"end":{"line":35,"column":2}}]},"6":{"line":39,"type":"if","locations":[{"start":{"line":39,"column":2},"end":{"line":39,"column":2}},{"start":{"line":39,"column":2},"end":{"line":39,"column":2}}]},"7":{"line":54,"type":"if","locations":[{"start":{"line":54,"column":2},"end":{"line":54,"column":2}},{"start":{"line":54,"column":2},"end":{"line":54,"column":2}}]},"8":{"line":78,"type":"if","locations":[{"start":{"line":78,"column":96},"end":{"line":78,"column":96}},{"start":{"line":78,"column":96},"end":{"line":78,"column":96}}]},"9":{"line":80,"type":"if","locations":[{"start":{"line":80,"column":2},"end":{"line":80,"column":2}},{"start":{"line":80,"column":2},"end":{"line":80,"column":2}}]},"10":{"line":84,"type":"if","locations":[{"start":{"line":84,"column":95},"end":{"line":84,"column":95}},{"start":{"line":84,"column":95},"end":{"line":84,"column":95}}]},"11":{"line":86,"type":"if","locations":[{"start":{"line":86,"column":2},"end":{"line":86,"column":2}},{"start":{"line":86,"column":2},"end":{"line":86,"column":2}}]},"12":{"line":90,"type":"if","locations":[{"start":{"line":90,"column":92},"end":{"line":90,"column":92}},{"start":{"line":90,"column":92},"end":{"line":90,"column":92}}]},"13":{"line":92,"type":"if","locations":[{"start":{"line":92,"column":2},"end":{"line":92,"column":2}},{"start":{"line":92,"column":2},"end":{"line":92,"column":2}}]}}},
"contracts\\AuctionImplementation.sol":{"l":{"65":7,"66":7,"67":7,"69":7,"70":7,"71":7,"73":7,"86":7,"91":6,"92":6,"93":6,"98":9,"99":9,"100":9,"101":9,"106":1,"107":1,"108":1,"109":1,"110":1,"115":1,"116":1,"117":1,"122":1,"123":1,"124":1,"129":9,"130":9,"131":9,"132":9,"133":9,"136":9,"137":9,"138":9,"140":0,"146":12,"147":12,"149":11,"150":11,"151":4,"152":4,"154":7,"155":7,"156":7,"159":10,"160":10,"163":9,"164":3,"165":1,"166":1,"168":2,"172":9,"173":9,"175":9,"176":9,"181":3,"182":3,"183":3,"186":3,"187":0,"188":0,"189":0,"193":3,"195":3,"196":3,"197":3,"198":3,"199":1,"200":0,"201":0,"203":1,"204":1,"206":2,"207":1,"209":2,"212":3,"217":0,"218":0,"219":0,"220":0,"221":0,"227":1},"path":"D:\\cursor\\workspaces\\solidity-learn\\task3\\contracts\\AuctionImplementation.sol","s":{"1":7,"2":7,"3":7,"4":7,"5":7,"6":7,"7":7,"8":6,"9":6,"10":9,"11":9,"12":9,"13":9,"14":1,"15":1,"16":1,"17":1,"18":1,"19":1,"20":1,"21":9,"22":9,"23":9,"24":9,"25":9,"26":9,"27":12,"28":12,"29":11,"30":11,"31":4,"32":7,"33":7,"34":10,"35":10,"36":9,"37":3,"38":1,"39":1,"40":2,"41":9,"42":9,"43":3,"44":3,"45":3,"46":0,"47":0,"48":0,"49":3,"50":3,"51":3,"52":3,"53":3,"54":1,"55":0,"56":0,"57":1,"58":1,"59":2,"60":1,"61":2,"62":3,"63":0,"64":0,"65":0,"66":0,"67":1},"b":{"1":[7,0],"2":[7,0],"3":[7,0],"4":[7,0],"5":[6,0],"6":[6,0],"7":[9,0],"8":[1,0],"9":[1,0],"10":[1,0],"11":[1,0],"12":[1,0],"13":[9,0],"14":[4,5],"15":[9,0],"16":[12,0],"17":[12,0],"18":[11,1],"19":[4,7],"20":[4,0],"21":[7,0],"22":[6,4],"23":[9,1],"24":[3,6],"25":[1,2],"26":[1,0],"27":[3,0],"28":[3,0],"29":[3,0],"30":[0,3],"31":[1,2],"32":[1,2],"33":[0,1],"34":[0,0],"35":[1,0],"36":[1,1],"37":[0,0],"38":[0,0],"39":[0,0],"40":[0,0],"41":[0,0],"42":[1,0]},"f":{"1":7,"2":6,"3":9,"4":1,"5":1,"6":1,"7":9,"8":12,"9":3,"10":0,"11":1,"12":1},"fnMap":{"1":{"name":"initialize","line":64,"loc":{"start":{"line":56,"column":1},"end":{"line":87,"column":1}}},"2":{"name":"setPriceFeed","line":90,"loc":{"start":{"line":90,"column":1},"end":{"line":94,"column":1}}},"3":{"name":"getLatestPrice","line":97,"loc":{"start":{"line":97,"column":1},"end":{"line":102,"column":1}}},"4":{"name":"setFeeConfig","line":105,"loc":{"start":{"line":105,"column":1},"end":{"line":111,"column":1}}},"5":{"name":"setCcipConfig","line":114,"loc":{"start":{"line":114,"column":1},"end":{"line":118,"column":1}}},"6":{"name":"sendCrossChainBidRequest","line":121,"loc":{"start":{"line":121,"column":1},"end":{"line":125,"column":1}}},"7":{"name":"quoteBidInUsd","line":128,"loc":{"start":{"line":128,"column":1},"end":{"line":142,"column":1}}},"8":{"name":"bid","line":145,"loc":{"start":{"line":145,"column":1},"end":{"line":177,"column":1}}},"9":{"name":"endAuction","line":180,"loc":{"start":{"line":180,"column":1},"end":{"line":213,"column":1}}},"10":{"name":"cancel","line":216,"loc":{"start":{"line":216,"column":1},"end":{"line":222,"column":1}}},"11":{"name":"sendCrossChainBid","line":225,"loc":{"start":{"line":225,"column":1},"end":{"line":228,"column":1}}},"12":{"name":"_authorizeUpgrade","line":230,"loc":{"start":{"line":230,"column":1},"end":{"line":230,"column":84}}}},"statementMap":{"1":{"start":{"line":65,"column":2},"end":{"line":65,"column":23}},"2":{"start":{"line":66,"column":2},"end":{"line":66,"column":25}},"3":{"start":{"line":67,"column":2},"end":{"line":67,"column":25}},"4":{"start":{"line":69,"column":2},"end":{"line":69,"column":44}},"5":{"start":{"line":70,"column":2},"end":{"line":70,"column":36}},"6":{"start":{"line":71,"column":2},"end":{"line":71,"column":40}},"7":{"start":{"line":86,"column":2},"end":{"line":86,"column":90}},"8":{"start":{"line":91,"column":2},"end":{"line":91,"column":43}},"9":{"start":{"line":93,"column":2},"end":{"line":93,"column":42}},"10":{"start":{"line":98,"column":2},"end":{"line":98,"column":48}},"11":{"start":{"line":99,"column":2},"end":{"line":99,"column":53}},"12":{"start":{"line":100,"column":2},"end":{"line":100,"column":47}},"13":{"start":{"line":101,"column":2},"end":{"line":101,"column":34}},"14":{"start":{"line":106,"column":2},"end":{"line":106,"column":48}},"15":{"start":{"line":107,"column":2},"end":{"line":107,"column":41}},"16":{"start":{"line":110,"column":2},"end":{"line":110,"column":43}},"17":{"start":{"line":117,"column":2},"end":{"line":117,"column":41}},"18":{"start":{"line":122,"column":2},"end":{"line":122,"column":66}},"19":{"start":{"line":123,"column":2},"end":{"line":123,"column":44}},"20":{"start":{"line":124,"column":2},"end":{"line":124,"column":13}},"21":{"start":{"line":129,"column":2},"end":{"line":129,"column":44}},"22":{"start":{"line":130,"column":2},"end":{"line":130,"column":60}},"23":{"start":{"line":131,"column":2},"end":{"line":131,"column":32}},"24":{"start":{"line":132,"column":2},"end":{"line":132,"column":33}},"25":{"start":{"line":133,"column":2},"end":{"line":133,"column":91}},"26":{"start":{"line":137,"column":2},"end":{"line":137,"column":5084}},"27":{"start":{"line":146,"column":2},"end":{"line":146,"column":33}},"28":{"start":{"line":147,"column":2},"end":{"line":147,"column":75}},"29":{"start":{"line":149,"column":2},"end":{"line":149,"column":19}},"30":{"start":{"line":150,"column":2},"end":{"line":150,"column":5507}},"31":{"start":{"line":152,"column":3},"end":{"line":152,"column":34}},"32":{"start":{"line":154,"column":3},"end":{"line":154,"column":33}},"33":{"start":{"line":156,"column":3},"end":{"line":156,"column":84}},"34":{"start":{"line":159,"column":2},"end":{"line":159,"column":93}},"35":{"start":{"line":160,"column":2},"end":{"line":160,"column":45}},"36":{"start":{"line":163,"column":2},"end":{"line":163,"column":5963}},"37":{"start":{"line":164,"column":3},"end":{"line":164,"column":6011}},"38":{"start":{"line":165,"column":4},"end":{"line":165,"column":74}},"39":{"start":{"line":166,"column":4},"end":{"line":166,"column":29}},"40":{"start":{"line":168,"column":4},"end":{"line":168,"column":86}},"41":{"start":{"line":175,"column":2},"end":{"line":175,"column":40}},"42":{"start":{"line":176,"column":2},"end":{"line":176,"column":44}},"43":{"start":{"line":181,"column":2},"end":{"line":181,"column":33}},"44":{"start":{"line":182,"column":2},"end":{"line":182,"column":78}},"45":{"start":{"line":186,"column":2},"end":{"line":186,"column":6694}},"46":{"start":{"line":187,"column":3},"end":{"line":187,"column":91}},"47":{"start":{"line":188,"column":3},"end":{"line":188,"column":35}},"48":{"start":{"line":189,"column":3},"end":{"line":189,"column":9}},"49":{"start":{"line":193,"column":2},"end":{"line":193,"column":97}},"50":{"start":{"line":195,"column":2},"end":{"line":195,"column":37}},"51":{"start":{"line":196,"column":2},"end":{"line":196,"column":88}},"52":{"start":{"line":197,"column":2},"end":{"line":197,"column":33}},"53":{"start":{"line":198,"column":2},"end":{"line":198,"column":7204}},"54":{"start":{"line":199,"column":3},"end":{"line":199,"column":7254}},"55":{"start":{"line":200,"column":4},"end":{"line":200,"column":60}},"56":{"start":{"line":201,"column":4},"end":{"line":201,"column":31}},"57":{"start":{"line":203,"column":3},"end":{"line":203,"column":66}},"58":{"start":{"line":204,"column":3},"end":{"line":204,"column":33}},"59":{"start":{"line":206,"column":3},"end":{"line":206,"column":7495}},"60":{"start":{"line":207,"column":4},"end":{"line":207,"column":62}},"61":{"start":{"line":209,"column":3},"end":{"line":209,"column":68}},"62":{"start":{"line":212,"column":2},"end":{"line":212,"column":62}},"63":{"start":{"line":217,"column":2},"end":{"line":217,"column":74}},"64":{"start":{"line":218,"column":2},"end":{"line":218,"column":33}},"65":{"start":{"line":219,"column":2},"end":{"line":219,"column":56}},"66":{"start":{"line":221,"column":2},"end":{"line":221,"column":90}},"67":{"start":{"line":227,"column":2},"end":{"line":227,"column":48}}},"branchMap":{"1":{"line":64,"type":"if","locations":[{"start":{"line":64,"column":10},"end":{"line":64,"column":10}},{"start":{"line":64,"column":10},"end":{"line":64,"column":10}}]},"2":{"line":69,"type":"if","locations":[{"start":{"line":69,"column":2},"end":{"line":69,"column":2}},{"start":{"line":69,"column":2},"end":{"line":69,"column":2}}]},"3":{"line":70,"type":"if","locations":[{"start":{"line":70,"column":2},"end":{"line":70,"column":2}},{"start":{"line":70,"column":2},"end":{"line":70,"column":2}}]},"4":{"line":71,"type":"if","locations":[{"start":{"line":71,"column":2},"end":{"line":71,"column":2}},{"start":{"line":71,"column":2},"end":{"line":71,"column":2}}]},"5":{"line":90,"type":"if","locations":[{"start":{"line":90,"column":67},"end":{"line":90,"column":67}},{"start":{"line":90,"column":67},"end":{"line":90,"column":67}}]},"6":{"line":91,"type":"if","locations":[{"start":{"line":91,"column":2},"end":{"line":91,"column":2}},{"start":{"line":91,"column":2},"end":{"line":91,"column":2}}]},"7":{"line":99,"type":"if","locations":[{"start":{"line":99,"column":2},"end":{"line":99,"column":2}},{"start":{"line":99,"column":2},"end":{"line":99,"column":2}}]},"8":{"line":105,"type":"if","locations":[{"start":{"line":105,"column":67},"end":{"line":105,"column":67}},{"start":{"line":105,"column":67},"end":{"line":105,"column":67}}]},"9":{"line":106,"type":"if","locations":[{"start":{"line":106,"column":2},"end":{"line":106,"column":2}},{"start":{"line":106,"column":2},"end":{"line":106,"column":2}}]},"10":{"line":107,"type":"if","locations":[{"start":{"line":107,"column":2},"end":{"line":107,"column":2}},{"start":{"line":107,"column":2},"end":{"line":107,"column":2}}]},"11":{"line":114,"type":"if","locations":[{"start":{"line":114,"column":63},"end":{"line":114,"column":63}},{"start":{"line":114,"column":63},"end":{"line":114,"column":63}}]},"12":{"line":122,"type":"if","locations":[{"start":{"line":122,"column":2},"end":{"line":122,"column":2}},{"start":{"line":122,"column":2},"end":{"line":122,"column":2}}]},"13":{"line":131,"type":"if","locations":[{"start":{"line":131,"column":2},"end":{"line":131,"column":2}},{"start":{"line":131,"column":2},"end":{"line":131,"column":2}}]},"14":{"line":133,"type":"if","locations":[{"start":{"line":133,"column":51},"end":{"line":133,"column":52}},{"start":{"line":133,"column":56},"end":{"line":133,"column":90}}]},"15":{"line":137,"type":"if","locations":[{"start":{"line":137,"column":2},"end":{"line":137,"column":2}},{"start":{"line":137,"column":2},"end":{"line":137,"column":2}}]},"16":{"line":145,"type":"if","locations":[{"start":{"line":145,"column":47},"end":{"line":145,"column":47}},{"start":{"line":145,"column":47},"end":{"line":145,"column":47}}]},"17":{"line":146,"type":"if","locations":[{"start":{"line":146,"column":2},"end":{"line":146,"column":2}},{"start":{"line":146,"column":2},"end":{"line":146,"column":2}}]},"18":{"line":147,"type":"if","locations":[{"start":{"line":147,"column":2},"end":{"line":147,"column":2}},{"start":{"line":147,"column":2},"end":{"line":147,"column":2}}]},"19":{"line":150,"type":"if","locations":[{"start":{"line":150,"column":2},"end":{"line":150,"column":2}},{"start":{"line":150,"column":2},"end":{"line":150,"column":2}}]},"20":{"line":152,"type":"if","locations":[{"start":{"line":152,"column":3},"end":{"line":152,"column":3}},{"start":{"line":152,"column":3},"end":{"line":152,"column":3}}]},"21":{"line":154,"type":"if","locations":[{"start":{"line":154,"column":3},"end":{"line":154,"column":3}},{"start":{"line":154,"column":3},"end":{"line":154,"column":3}}]},"22":{"line":159,"type":"if","locations":[{"start":{"line":159,"column":50},"end":{"line":159,"column":67}},{"start":{"line":159,"column":71},"end":{"line":159,"column":92}}]},"23":{"line":160,"type":"if","locations":[{"start":{"line":160,"column":2},"end":{"line":160,"column":2}},{"start":{"line":160,"column":2},"end":{"line":160,"column":2}}]},"24":{"line":163,"type":"if","locations":[{"start":{"line":163,"column":2},"end":{"line":163,"column":2}},{"start":{"line":163,"column":2},"end":{"line":163,"column":2}}]},"25":{"line":164,"type":"if","locations":[{"start":{"line":164,"column":3},"end":{"line":164,"column":3}},{"start":{"line":164,"column":3},"end":{"line":164,"column":3}}]},"26":{"line":166,"type":"if","locations":[{"start":{"line":166,"column":4},"end":{"line":166,"column":4}},{"start":{"line":166,"column":4},"end":{"line":166,"column":4}}]},"27":{"line":180,"type":"if","locations":[{"start":{"line":180,"column":32},"end":{"line":180,"column":32}},{"start":{"line":180,"column":32},"end":{"line":180,"column":32}}]},"28":{"line":181,"type":"if","locations":[{"start":{"line":181,"column":2},"end":{"line":181,"column":2}},{"start":{"line":181,"column":2},"end":{"line":181,"column":2}}]},"29":{"line":182,"type":"if","locations":[{"start":{"line":182,"column":2},"end":{"line":182,"column":2}},{"start":{"line":182,"column":2},"end":{"line":182,"column":2}}]},"30":{"line":186,"type":"if","locations":[{"start":{"line":186,"column":2},"end":{"line":186,"column":2}},{"start":{"line":186,"column":2},"end":{"line":186,"column":2}}]},"31":{"line":196,"type":"if","locations":[{"start":{"line":196,"column":59},"end":{"line":196,"column":83}},{"start":{"line":196,"column":87},"end":{"line":196,"column":87}}]},"32":{"line":198,"type":"if","locations":[{"start":{"line":198,"column":2},"end":{"line":198,"column":2}},{"start":{"line":198,"column":2},"end":{"line":198,"column":2}}]},"33":{"line":199,"type":"if","locations":[{"start":{"line":199,"column":3},"end":{"line":199,"column":3}},{"start":{"line":199,"column":3},"end":{"line":199,"column":3}}]},"34":{"line":201,"type":"if","locations":[{"start":{"line":201,"column":4},"end":{"line":201,"column":4}},{"start":{"line":201,"column":4},"end":{"line":201,"column":4}}]},"35":{"line":204,"type":"if","locations":[{"start":{"line":204,"column":3},"end":{"line":204,"column":3}},{"start":{"line":204,"column":3},"end":{"line":204,"column":3}}]},"36":{"line":206,"type":"if","locations":[{"start":{"line":206,"column":3},"end":{"line":206,"column":3}},{"start":{"line":206,"column":3},"end":{"line":206,"column":3}}]},"37":{"line":216,"type":"if","locations":[{"start":{"line":216,"column":28},"end":{"line":216,"column":28}},{"start":{"line":216,"column":28},"end":{"line":216,"column":28}}]},"38":{"line":217,"type":"if","locations":[{"start":{"line":217,"column":2},"end":{"line":217,"column":2}},{"start":{"line":217,"column":2},"end":{"line":217,"column":2}}]},"39":{"line":217,"type":"cond-expr","locations":[{"start":{"line":217,"column":10},"end":{"line":217,"column":37}},{"start":{"line":217,"column":42},"end":{"line":217,"column":62}}]},"40":{"line":218,"type":"if","locations":[{"start":{"line":218,"column":2},"end":{"line":218,"column":2}},{"start":{"line":218,"column":2},"end":{"line":218,"column":2}}]},"41":{"line":219,"type":"if","locations":[{"start":{"line":219,"column":2},"end":{"line":219,"column":2}},{"start":{"line":219,"column":2},"end":{"line":219,"column":2}}]},"42":{"line":230,"type":"if","locations":[{"start":{"line":230,"column":73},"end":{"line":230,"column":73}},{"start":{"line":230,"column":73},"end":{"line":230,"column":73}}]}}},
"contracts\\AuctionImplementationV2.sol":{"l":{"13":1},"path":"D:\\cursor\\workspaces\\solidity-learn\\task3\\contracts\\AuctionImplementationV2.sol","s":{"1":1},"b":{},"f":{"1":1},"fnMap":{"1":{"name":"version","line":12,"loc":{"start":{"line":12,"column":1},"end":{"line":14,"column":1}}}},"statementMap":{"1":{"start":{"line":13,"column":2},"end":{"line":13,"column":13}}},"branchMap":{}},
"contracts\\CcipBidExecutor.sol":{"l":{"27":1,"28":1,"29":1,"30":1,"32":0,"34":1},"path":"D:\\cursor\\workspaces\\solidity-learn\\task3\\contracts\\CcipBidExecutor.sol","s":{"1":1,"2":1,"3":1,"4":1,"5":0,"6":1},"b":{"1":[1,0],"2":[1,0],"3":[1,0]},"f":{"1":1,"2":1},"fnMap":{"1":{"name":"constructor","line":24,"loc":{"start":{"line":24,"column":4},"end":{"line":24,"column":39}}},"2":{"name":"execute","line":26,"loc":{"start":{"line":26,"column":4},"end":{"line":35,"column":4}}}},"statementMap":{"1":{"start":{"line":27,"column":8},"end":{"line":27,"column":63}},"2":{"start":{"line":28,"column":8},"end":{"line":28,"column":808}},"3":{"start":{"line":29,"column":12},"end":{"line":29,"column":58}},"4":{"start":{"line":30,"column":12},"end":{"line":30,"column":67}},"5":{"start":{"line":32,"column":12},"end":{"line":32,"column":56}},"6":{"start":{"line":34,"column":8},"end":{"line":34,"column":63}}},"branchMap":{"1":{"line":26,"type":"if","locations":[{"start":{"line":26,"column":62},"end":{"line":26,"column":62}},{"start":{"line":26,"column":62},"end":{"line":26,"column":62}}]},"2":{"line":28,"type":"if","locations":[{"start":{"line":28,"column":8},"end":{"line":28,"column":8}},{"start":{"line":28,"column":8},"end":{"line":28,"column":8}}]},"3":{"line":29,"type":"if","locations":[{"start":{"line":29,"column":12},"end":{"line":29,"column":12}},{"start":{"line":29,"column":12},"end":{"line":29,"column":12}}]}}},
"contracts\\NFTUpgradeable.sol":{"l":{"22":7,"23":7,"24":7,"25":7,"26":7,"30":0,"34":7,"35":7,"39":0,"40":0,"41":0,"47":0,"51":0,"52":0,"53":0,"54":0,"56":0,"60":0},"path":"D:\\cursor\\workspaces\\solidity-learn\\task3\\contracts\\NFTUpgradeable.sol","s":{"1":7,"2":7,"3":7,"4":7,"5":0,"6":0,"7":0,"8":0,"9":0,"10":0,"11":0,"12":0},"b":{"1":[7,0],"2":[0,0],"3":[7,0],"4":[0,0],"5":[0,0],"6":[0,0]},"f":{"1":7,"2":0,"3":7,"4":0,"5":0,"6":0,"7":0,"8":0},"fnMap":{"1":{"name":"initialize","line":21,"loc":{"start":{"line":21,"column":1},"end":{"line":27,"column":1}}},"2":{"name":"setBaseURI","line":29,"loc":{"start":{"line":29,"column":1},"end":{"line":31,"column":1}}},"3":{"name":"safeMint","line":33,"loc":{"start":{"line":33,"column":1},"end":{"line":36,"column":1}}},"4":{"name":"safeMintWithURI","line":38,"loc":{"start":{"line":38,"column":1},"end":{"line":42,"column":1}}},"5":{"name":"_authorizeUpgrade","line":44,"loc":{"start":{"line":44,"column":1},"end":{"line":44,"column":84}}},"6":{"name":"_baseURI","line":46,"loc":{"start":{"line":46,"column":1},"end":{"line":48,"column":1}}},"7":{"name":"tokenURI","line":50,"loc":{"start":{"line":50,"column":1},"end":{"line":57,"column":1}}},"8":{"name":"supportsInterface","line":59,"loc":{"start":{"line":59,"column":1},"end":{"line":61,"column":1}}}},"statementMap":{"1":{"start":{"line":22,"column":2},"end":{"line":22,"column":30}},"2":{"start":{"line":23,"column":2},"end":{"line":23,"column":27}},"3":{"start":{"line":24,"column":2},"end":{"line":24,"column":25}},"4":{"start":{"line":35,"column":2},"end":{"line":35,"column":23}},"5":{"start":{"line":40,"column":2},"end":{"line":40,"column":23}},"6":{"start":{"line":47,"column":2},"end":{"line":47,"column":22}},"7":{"start":{"line":51,"column":2},"end":{"line":51,"column":23}},"8":{"start":{"line":52,"column":2},"end":{"line":52,"column":46}},"9":{"start":{"line":53,"column":2},"end":{"line":53,"column":1765}},"10":{"start":{"line":54,"column":3},"end":{"line":54,"column":18}},"11":{"start":{"line":56,"column":2},"end":{"line":56,"column":32}},"12":{"start":{"line":60,"column":2},"end":{"line":60,"column":45}}},"branchMap":{"1":{"line":21,"type":"if","locations":[{"start":{"line":21,"column":96},"end":{"line":21,"column":96}},{"start":{"line":21,"column":96},"end":{"line":21,"column":96}}]},"2":{"line":29,"type":"if","locations":[{"start":{"line":29,"column":53},"end":{"line":29,"column":53}},{"start":{"line":29,"column":53},"end":{"line":29,"column":53}}]},"3":{"line":33,"type":"if","locations":[{"start":{"line":33,"column":40},"end":{"line":33,"column":40}},{"start":{"line":33,"column":40},"end":{"line":33,"column":40}}]},"4":{"line":38,"type":"if","locations":[{"start":{"line":38,"column":72},"end":{"line":38,"column":72}},{"start":{"line":38,"column":72},"end":{"line":38,"column":72}}]},"5":{"line":44,"type":"if","locations":[{"start":{"line":44,"column":73},"end":{"line":44,"column":73}},{"start":{"line":44,"column":73},"end":{"line":44,"column":73}}]},"6":{"line":53,"type":"if","locations":[{"start":{"line":53,"column":2},"end":{"line":53,"column":2}},{"start":{"line":53,"column":2},"end":{"line":53,"column":2}}]}}},
"contracts\\test\\MockERC20.sol":{"l":{"10":3,"11":3,"15":5},"path":"D:\\cursor\\workspaces\\solidity-learn\\task3\\contracts\\test\\MockERC20.sol","s":{"1":3,"2":5},"b":{},"f":{"1":3,"2":5},"fnMap":{"1":{"name":"constructor","line":9,"loc":{"start":{"line":9,"column":1},"end":{"line":12,"column":1}}},"2":{"name":"decimals","line":14,"loc":{"start":{"line":14,"column":1},"end":{"line":16,"column":1}}}},"statementMap":{"1":{"start":{"line":11,"column":2},"end":{"line":11,"column":39}},"2":{"start":{"line":15,"column":2},"end":{"line":15,"column":24}}},"branchMap":{}},
"contracts\\test\\MockV3Aggregator.sol":{"l":{"17":6,"18":6,"19":6,"23":0,"24":0,"25":0,"40":9,"55":0},"path":"D:\\cursor\\workspaces\\solidity-learn\\task3\\contracts\\test\\MockV3Aggregator.sol","s":{"1":9,"2":0},"b":{},"f":{"1":6,"2":0,"3":9,"4":0},"fnMap":{"1":{"name":"constructor","line":16,"loc":{"start":{"line":16,"column":1},"end":{"line":20,"column":1}}},"2":{"name":"setAnswer","line":22,"loc":{"start":{"line":22,"column":1},"end":{"line":26,"column":1}}},"3":{"name":"latestRoundData","line":28,"loc":{"start":{"line":28,"column":1},"end":{"line":41,"column":1}}},"4":{"name":"getRoundData","line":43,"loc":{"start":{"line":43,"column":1},"end":{"line":56,"column":1}}}},"statementMap":{"1":{"start":{"line":40,"column":2},"end":{"line":40,"column":62}},"2":{"start":{"line":55,"column":2},"end":{"line":55,"column":62}}},"branchMap":{}}}
