TN:
SF:D:\cursor\workspaces\solidity-learn\task3\contracts\AuctionFactory.sol
FN:22,constructor
FN:27,setImplementation
FN:34,upgradeAuction
FN:42,allAuctionsLength
FN:47,createAuction
FN:78,setAuctionPriceFeed
FN:84,setAuctionFeeConfig
FN:90,setAuctionCcipConfig
FNF:8
FNH:6
FNDA:7,constructor
FNDA:0,setImplementation
FNDA:1,upgradeAuction
FNDA:0,allAuctionsLength
FNDA:7,createAuction
FNDA:6,setAuctionPriceFeed
FNDA:1,setAuctionFeeConfig
FNDA:1,setAuctionCcipConfig
DA:23,7
DA:24,7
DA:28,0
DA:29,0
DA:30,0
DA:35,1
DA:37,1
DA:38,1
DA:39,1
DA:43,0
DA:54,7
DA:56,7
DA:67,7
DA:68,7
DA:71,7
DA:73,7
DA:74,7
DA:79,6
DA:80,6
DA:85,1
DA:86,1
DA:91,1
DA:92,1
LF:23
LH:19
BRDA:23,1,0,7
BRDA:23,1,1,0
BRDA:27,2,0,0
BRDA:27,2,1,0
BRDA:28,3,0,0
BRDA:28,3,1,0
BRDA:34,4,0,1
BRDA:34,4,1,0
BRDA:35,5,0,1
BRDA:35,5,1,0
BRDA:39,6,0,1
BRDA:39,6,1,0
BRDA:54,7,0,7
BRDA:54,7,1,0
BRDA:78,8,0,6
BRDA:78,8,1,0
BRDA:80,9,0,6
BRDA:80,9,1,0
BRDA:84,10,0,1
BRDA:84,10,1,0
BRDA:86,11,0,1
BRDA:86,11,1,0
BRDA:90,12,0,1
BRDA:90,12,1,0
BRDA:92,13,0,1
BRDA:92,13,1,0
BRF:26
BRH:11
end_of_record
TN:
SF:D:\cursor\workspaces\solidity-learn\task3\contracts\AuctionImplementation.sol
FN:64,initialize
FN:90,setPriceFeed
FN:97,getLatestPrice
FN:105,setFeeConfig
FN:114,setCcipConfig
FN:121,sendCrossChainBidRequest
FN:128,quoteBidInUsd
FN:145,bid
FN:180,endAuction
FN:216,cancel
FN:225,sendCrossChainBid
FN:230,_authorizeUpgrade
FNF:12
FNH:11
FNDA:7,initialize
FNDA:6,setPriceFeed
FNDA:9,getLatestPrice
FNDA:1,setFeeConfig
FNDA:1,setCcipConfig
FNDA:1,sendCrossChainBidRequest
FNDA:9,quoteBidInUsd
FNDA:12,bid
FNDA:3,endAuction
FNDA:0,cancel
FNDA:1,sendCrossChainBid
FNDA:1,_authorizeUpgrade
DA:65,7
DA:66,7
DA:67,7
DA:69,7
DA:70,7
DA:71,7
DA:73,7
DA:86,7
DA:91,6
DA:92,6
DA:93,6
DA:98,9
DA:99,9
DA:100,9
DA:101,9
DA:106,1
DA:107,1
DA:108,1
DA:109,1
DA:110,1
DA:115,1
DA:116,1
DA:117,1
DA:122,1
DA:123,1
DA:124,1
DA:129,9
DA:130,9
DA:131,9
DA:132,9
DA:133,9
DA:136,9
DA:137,9
DA:138,9
DA:140,0
DA:146,12
DA:147,12
DA:149,11
DA:150,11
DA:151,4
DA:152,4
DA:154,7
DA:155,7
DA:156,7
DA:159,10
DA:160,10
DA:163,9
DA:164,3
DA:165,1
DA:166,1
DA:168,2
DA:172,9
DA:173,9
DA:175,9
DA:176,9
DA:181,3
DA:182,3
DA:183,3
DA:186,3
DA:187,0
DA:188,0
DA:189,0
DA:193,3
DA:195,3
DA:196,3
DA:197,3
DA:198,3
DA:199,1
DA:200,0
DA:201,0
DA:203,1
DA:204,1
DA:206,2
DA:207,1
DA:209,2
DA:212,3
DA:217,0
DA:218,0
DA:219,0
DA:220,0
DA:221,0
DA:227,1
LF:82
LH:71
BRDA:64,1,0,7
BRDA:64,1,1,0
BRDA:69,2,0,7
BRDA:69,2,1,0
BRDA:70,3,0,7
BRDA:70,3,1,0
BRDA:71,4,0,7
BRDA:71,4,1,0
BRDA:90,5,0,6
BRDA:90,5,1,0
BRDA:91,6,0,6
BRDA:91,6,1,0
BRDA:99,7,0,9
BRDA:99,7,1,0
BRDA:105,8,0,1
BRDA:105,8,1,0
BRDA:106,9,0,1
BRDA:106,9,1,0
BRDA:107,10,0,1
BRDA:107,10,1,0
BRDA:114,11,0,1
BRDA:114,11,1,0
BRDA:122,12,0,1
BRDA:122,12,1,0
BRDA:131,13,0,9
BRDA:131,13,1,0
BRDA:133,14,0,4
BRDA:133,14,1,5
BRDA:137,15,0,9
BRDA:137,15,1,0
BRDA:145,16,0,12
BRDA:145,16,1,0
BRDA:146,17,0,12
BRDA:146,17,1,0
BRDA:147,18,0,11
BRDA:147,18,1,1
BRDA:150,19,0,4
BRDA:150,19,1,7
BRDA:152,20,0,4
BRDA:152,20,1,0
BRDA:154,21,0,7
BRDA:154,21,1,0
BRDA:159,22,0,6
BRDA:159,22,1,4
BRDA:160,23,0,9
BRDA:160,23,1,1
BRDA:163,24,0,3
BRDA:163,24,1,6
BRDA:164,25,0,1
BRDA:164,25,1,2
BRDA:166,26,0,1
BRDA:166,26,1,0
BRDA:180,27,0,3
BRDA:180,27,1,0
BRDA:181,28,0,3
BRDA:181,28,1,0
BRDA:182,29,0,3
BRDA:182,29,1,0
BRDA:186,30,0,0
BRDA:186,30,1,3
BRDA:196,31,0,1
BRDA:196,31,1,2
BRDA:198,32,0,1
BRDA:198,32,1,2
BRDA:199,33,0,0
BRDA:199,33,1,1
BRDA:201,34,0,0
BRDA:201,34,1,0
BRDA:204,35,0,1
BRDA:204,35,1,0
BRDA:206,36,0,1
BRDA:206,36,1,1
BRDA:216,37,0,0
BRDA:216,37,1,0
BRDA:217,38,0,0
BRDA:217,38,1,0
BRDA:217,39,0,0
BRDA:217,39,1,0
BRDA:218,40,0,0
BRDA:218,40,1,0
BRDA:219,41,0,0
BRDA:219,41,1,0
BRDA:230,42,0,1
BRDA:230,42,1,0
BRF:84
BRH:46
end_of_record
TN:
SF:D:\cursor\workspaces\solidity-learn\task3\contracts\AuctionImplementationV2.sol
FN:12,version
FNF:1
FNH:1
FNDA:1,version
DA:13,1
LF:1
LH:1
BRF:0
BRH:0
end_of_record
TN:
SF:D:\cursor\workspaces\solidity-learn\task3\contracts\CcipBidExecutor.sol
FN:24,constructor
FN:26,execute
FNF:2
FNH:2
FNDA:1,constructor
FNDA:1,execute
DA:27,1
DA:28,1
DA:29,1
DA:30,1
DA:32,0
DA:34,1
LF:6
LH:5
BRDA:26,1,0,1
BRDA:26,1,1,0
BRDA:28,2,0,1
BRDA:28,2,1,0
BRDA:29,3,0,1
BRDA:29,3,1,0
BRF:6
BRH:3
end_of_record
TN:
SF:D:\cursor\workspaces\solidity-learn\task3\contracts\NFTUpgradeable.sol
FN:21,initialize
FN:29,setBaseURI
FN:33,safeMint
FN:38,safeMintWithURI
FN:44,_authorizeUpgrade
FN:46,_baseURI
FN:50,tokenURI
FN:59,supportsInterface
FNF:8
FNH:2
FNDA:7,initialize
FNDA:0,setBaseURI
FNDA:7,safeMint
FNDA:0,safeMintWithURI
FNDA:0,_authorizeUpgrade
FNDA:0,_baseURI
FNDA:0,tokenURI
FNDA:0,supportsInterface
DA:22,7
DA:23,7
DA:24,7
DA:25,7
DA:26,7
DA:30,0
DA:34,7
DA:35,7
DA:39,0
DA:40,0
DA:41,0
DA:47,0
DA:51,0
DA:52,0
DA:53,0
DA:54,0
DA:56,0
DA:60,0
LF:18
LH:7
BRDA:21,1,0,7
BRDA:21,1,1,0
BRDA:29,2,0,0
BRDA:29,2,1,0
BRDA:33,3,0,7
BRDA:33,3,1,0
BRDA:38,4,0,0
BRDA:38,4,1,0
BRDA:44,5,0,0
BRDA:44,5,1,0
BRDA:53,6,0,0
BRDA:53,6,1,0
BRF:12
BRH:2
end_of_record
TN:
SF:D:\cursor\workspaces\solidity-learn\task3\contracts\test\MockERC20.sol
FN:9,constructor
FN:14,decimals
FNF:2
FNH:2
FNDA:3,constructor
FNDA:5,decimals
DA:10,3
DA:11,3
DA:15,5
LF:3
LH:3
BRF:0
BRH:0
end_of_record
TN:
SF:D:\cursor\workspaces\solidity-learn\task3\contracts\test\MockV3Aggregator.sol
FN:16,constructor
FN:22,setAnswer
FN:28,latestRoundData
FN:43,getRoundData
FNF:4
FNH:2
FNDA:6,constructor
FNDA:0,setAnswer
FNDA:9,latestRoundData
FNDA:0,getRoundData
DA:17,6
DA:18,6
DA:19,6
DA:23,0
DA:24,0
DA:25,0
DA:40,9
DA:55,0
LF:8
LH:4
BRF:0
BRH:0
end_of_record
